
10:47:33.038 [info] Loading 137 CA(s) from :otp store

10:47:33.066 [notice] Application next_ls exited: NextLS.Application.start(:normal, []) returned an error: shutdown: failed to start child: NextLS.LSPSupervisor
    ** (EXIT) shutdown: failed to start child: NextLS
        ** (EXIT) an exception was raised:
            ** (ErlangError) Erlang error: :enoent
                (elixir 1.17.1) lib/system.ex:1114: System.cmd("elixir", ["--short-version"], [])
                (next_ls 0.23.1) lib/next_ls.ex:47: NextLS.init/2
                (gen_lsp 0.10.0) lib/gen_lsp.ex:201: GenLSP.init/1
                (stdlib 6.0) proc_lib.erl:329: :proc_lib.init_p_do_apply/3

10:47:36.195 [info] Loading 137 CA(s) from :otp store

10:47:36.216 [notice] Application next_ls exited: NextLS.Application.start(:normal, []) returned an error: shutdown: failed to start child: NextLS.LSPSupervisor
    ** (EXIT) shutdown: failed to start child: NextLS
        ** (EXIT) an exception was raised:
            ** (ErlangError) Erlang error: :enoent
                (elixir 1.17.1) lib/system.ex:1114: System.cmd("elixir", ["--short-version"], [])
                (next_ls 0.23.1) lib/next_ls.ex:47: NextLS.init/2
                (gen_lsp 0.10.0) lib/gen_lsp.ex:201: GenLSP.init/1
                (stdlib 6.0) proc_lib.erl:329: :proc_lib.init_p_do_apply/3

10:47:39.501 [info] Loading 137 CA(s) from :otp store

10:47:39.543 [notice] Application next_ls exited: NextLS.Application.start(:normal, []) returned an error: shutdown: failed to start child: NextLS.LSPSupervisor
    ** (EXIT) shutdown: failed to start child: NextLS
        ** (EXIT) an exception was raised:
            ** (ErlangError) Erlang error: :enoent
                (elixir 1.17.1) lib/system.ex:1114: System.cmd("elixir", ["--short-version"], [])
                (next_ls 0.23.1) lib/next_ls.ex:47: NextLS.init/2
                (gen_lsp 0.10.0) lib/gen_lsp.ex:201: GenLSP.init/1
                (stdlib 6.0) proc_lib.erl:329: :proc_lib.init_p_do_apply/3

10:47:39.526 [info] Loading 137 CA(s) from :otp store

10:47:39.562 [notice] Application next_ls exited: NextLS.Application.start(:normal, []) returned an error: shutdown: failed to start child: NextLS.LSPSupervisor
    ** (EXIT) shutdown: failed to start child: NextLS
        ** (EXIT) an exception was raised:
            ** (ErlangError) Erlang error: :enoent
                (elixir 1.17.1) lib/system.ex:1114: System.cmd("elixir", ["--short-version"], [])
                (next_ls 0.23.1) lib/next_ls.ex:47: NextLS.init/2
                (gen_lsp 0.10.0) lib/gen_lsp.ex:201: GenLSP.init/1
                (stdlib 6.0) proc_lib.erl:329: :proc_lib.init_p_do_apply/3
